-------------------------------------------------------------------------------
Test set: packt.selenium.chap3_2.WebDriverDocumentation_04Test
-------------------------------------------------------------------------------
Tests run: 2, Failures: 0, Errors: 2, Skipped: 0, Time elapsed: 734.758 sec <<< FAILURE!
testVerifyTitle_WebDriverDocumentation(packt.selenium.chap3_2.WebDriverDocumentation_04Test)  Time elapsed: 734.511 sec  <<< ERROR!
org.openqa.selenium.WebDriverException: Failed to connect to binary FirefoxBinary(C:\Program Files\Mozilla Firefox\firefox.exe) on port 7055; process output follows: 
ting provider: PreviousExperimentProvider
1519723438057	addons.manager	DEBUG	Registering shutdown blocker for PreviousExperimentProvider
1519723438058	addons.manager	DEBUG	Provider finished startup: PreviousExperimentProvider
Unable to read VR Path Registry from C:\Users\ShivamGupta\AppData\Local\openvr\openvrpaths.vrpath
Unable to read VR Path Registry from C:\Users\ShivamGupta\AppData\Local\openvr\openvrpaths.vrpath
*** Blocklist::_preloadBlocklistFile: blocklist is disabled
1519723439155	addons.xpi-utils	DEBUG	Starting async load of XPI database C:\Users\ShivamGupta\AppData\Local\Temp\anonymous1575848281141540122webdriver-profile\extensions.json
1519723439227	addons.xpi	INFO	Mapping fxdriver@googlecode.com to C:\Users\ShivamGupta\AppData\Local\Temp\anonymous1575848281141540122webdriver-profile\extensions\fxdriver@googlecode.com
1519723439228	addons.xpi	DEBUG	Ignoring file entry whose name is not a valid add-on ID: C:\Users\ShivamGupta\AppData\Local\Temp\anonymous1575848281141540122webdriver-profile\extensions\webdriver-staging
1519723439228	addons.xpi	DEBUG	Existing add-on fxdriver@googlecode.com in app-profile
1519723439229	addons.xpi	INFO	Mapping activity-stream@mozilla.org to C:\Program Files\Mozilla Firefox\browser\features\activity-stream@mozilla.org.xpi
1519723439229	addons.xpi	INFO	Mapping aushelper@mozilla.org to C:\Program Files\Mozilla Firefox\browser\features\aushelper@mozilla.org.xpi
1519723439229	addons.xpi	INFO	Mapping firefox@getpocket.com to C:\Program Files\Mozilla Firefox\browser\features\firefox@getpocket.com.xpi
1519723439230	addons.xpi	INFO	Mapping followonsearch@mozilla.com to C:\Program Files\Mozilla Firefox\browser\features\followonsearch@mozilla.com.xpi
1519723439230	addons.xpi	INFO	Mapping formautofill@mozilla.org to C:\Program Files\Mozilla Firefox\browser\features\formautofill@mozilla.org.xpi
1519723439230	addons.xpi	INFO	Mapping onboarding@mozilla.org to C:\Program Files\Mozilla Firefox\browser\features\onboarding@mozilla.org.xpi
1519723439230	addons.xpi	INFO	Mapping screenshots@mozilla.org to C:\Program Files\Mozilla Firefox\browser\features\screenshots@mozilla.org.xpi
1519723439230	addons.xpi	INFO	Mapping shield-recipe-client@mozilla.org to C:\Program Files\Mozilla Firefox\browser\features\shield-recipe-client@mozilla.org.xpi
1519723439230	addons.xpi	INFO	Mapping webcompat@mozilla.org to C:\Program Files\Mozilla Firefox\browser\features\webcompat@mozilla.org.xpi
1519723439231	addons.xpi	DEBUG	Existing add-on activity-stream@mozilla.org in app-system-defaults
1519723439232	addons.xpi	DEBUG	Existing add-on aushelper@mozilla.org in app-system-defaults
1519723439232	addons.xpi	DEBUG	Existing add-on firefox@getpocket.com in app-system-defaults
1519723439233	addons.xpi	DEBUG	Existing add-on followonsearch@mozilla.com in app-system-defaults
1519723439233	addons.xpi	DEBUG	Existing add-on formautofill@mozilla.org in app-system-defaults
1519723439234	addons.xpi	DEBUG	Existing add-on onboarding@mozilla.org in app-system-defaults
1519723439235	addons.xpi	DEBUG	Existing add-on screenshots@mozilla.org in app-system-defaults
1519723439235	addons.xpi	DEBUG	Existing add-on shield-recipe-client@mozilla.org in app-system-defaults
1519723439236	addons.xpi	DEBUG	Existing add-on webcompat@mozilla.org in app-system-defaults
1519723439237	addons.xpi	INFO	Mapping {972ce4c6-7e08-4474-a285-3208198ce6fd} to C:\Program Files\Mozilla Firefox\browser\extensions\{972ce4c6-7e08-4474-a285-3208198ce6fd}.xpi
1519723439237	addons.xpi	DEBUG	Existing add-on {972ce4c6-7e08-4474-a285-3208198ce6fd} in app-global
1519723439237	addons.xpi	DEBUG	getInstallState changed: false, state: {}
1519723439405	addons.xpi-utils	DEBUG	Async JSON file read took 0 MS
1519723439406	addons.xpi-utils	DEBUG	Finished async read of XPI database, parsing...
1519723439411	addons.xpi-utils	DEBUG	Successfully read XPI database
Unable to read VR Path Registry from C:\Users\ShivamGupta\AppData\Local\openvr\openvrpaths.vrpath
Unable to read VR Path Registry from C:\Users\ShivamGupta\AppData\Local\openvr\openvrpaths.vrpath

Build info: version: '2.45.0', revision: '5017cb8e7ca8e37638dc3091b2440b90a1d8686f', time: '2015-02-27 09:10:26'
System info: host: 'CFNB-0018', ip: '192.168.178.92', os.name: 'Windows 10', os.arch: 'amd64', os.version: '10.0', java.version: '1.8.0_144'
Driver info: driver.version: FirefoxDriver
	at org.openqa.selenium.firefox.internal.NewProfileExtensionConnection.start(NewProfileExtensionConnection.java:130)
	at org.openqa.selenium.firefox.FirefoxDriver.startClient(FirefoxDriver.java:246)
	at org.openqa.selenium.remote.RemoteWebDriver.<init>(RemoteWebDriver.java:114)
	at org.openqa.selenium.firefox.FirefoxDriver.<init>(FirefoxDriver.java:191)
	at org.openqa.selenium.firefox.FirefoxDriver.<init>(FirefoxDriver.java:186)
	at org.openqa.selenium.firefox.FirefoxDriver.<init>(FirefoxDriver.java:182)
	at org.openqa.selenium.firefox.FirefoxDriver.<init>(FirefoxDriver.java:95)
	at packt.selenium.chap3_2.WebDriverDocumentation_04Test.setUp(WebDriverDocumentation_04Test.java:22)
	at sun.reflect.NativeMethodAccessorImpl.invoke0(Native Method)
	at sun.reflect.NativeMethodAccessorImpl.invoke(NativeMethodAccessorImpl.java:62)
	at sun.reflect.DelegatingMethodAccessorImpl.invoke(DelegatingMethodAccessorImpl.java:43)
	at java.lang.reflect.Method.invoke(Method.java:498)
	at org.junit.runners.model.FrameworkMethod$1.runReflectiveCall(FrameworkMethod.java:50)
	at org.junit.internal.runners.model.ReflectiveCallable.run(ReflectiveCallable.java:12)
	at org.junit.runners.model.FrameworkMethod.invokeExplosively(FrameworkMethod.java:47)
	at org.junit.internal.runners.statements.RunBefores.evaluate(RunBefores.java:24)
	at org.junit.internal.runners.statements.RunAfters.evaluate(RunAfters.java:27)
	at org.junit.runners.ParentRunner.runLeaf(ParentRunner.java:325)
	at org.junit.runners.BlockJUnit4ClassRunner.runChild(BlockJUnit4ClassRunner.java:78)
	at org.junit.runners.BlockJUnit4ClassRunner.runChild(BlockJUnit4ClassRunner.java:57)
	at org.junit.runners.ParentRunner$3.run(ParentRunner.java:290)
	at org.junit.runners.ParentRunner$1.schedule(ParentRunner.java:71)
	at org.junit.runners.ParentRunner.runChildren(ParentRunner.java:288)
	at org.junit.runners.ParentRunner.access$000(ParentRunner.java:58)
	at org.junit.runners.ParentRunner$2.evaluate(ParentRunner.java:268)
	at org.junit.runners.ParentRunner.run(ParentRunner.java:363)
	at org.apache.maven.surefire.junit4.JUnit4Provider.execute(JUnit4Provider.java:252)
	at org.apache.maven.surefire.junit4.JUnit4Provider.executeTestSet(JUnit4Provider.java:141)
	at org.apache.maven.surefire.junit4.JUnit4Provider.invoke(JUnit4Provider.java:112)
	at sun.reflect.NativeMethodAccessorImpl.invoke0(Native Method)
	at sun.reflect.NativeMethodAccessorImpl.invoke(NativeMethodAccessorImpl.java:62)
	at sun.reflect.DelegatingMethodAccessorImpl.invoke(DelegatingMethodAccessorImpl.java:43)
	at java.lang.reflect.Method.invoke(Method.java:498)
	at org.apache.maven.surefire.util.ReflectionUtils.invokeMethodWithArray(ReflectionUtils.java:189)
	at org.apache.maven.surefire.booter.ProviderFactory$ProviderProxy.invoke(ProviderFactory.java:165)
	at org.apache.maven.surefire.booter.ProviderFactory.invokeProvider(ProviderFactory.java:85)
	at org.apache.maven.surefire.booter.ForkedBooter.runSuitesInProcess(ForkedBooter.java:115)
	at org.apache.maven.surefire.booter.ForkedBooter.main(ForkedBooter.java:75)
Caused by: org.openqa.selenium.firefox.NotConnectedException: Unable to connect to host 127.0.0.1 on port 7055 after 45000 ms. Firefox console output:
ting provider: PreviousExperimentProvider
1519723438057	addons.manager	DEBUG	Registering shutdown blocker for PreviousExperimentProvider
1519723438058	addons.manager	DEBUG	Provider finished startup: PreviousExperimentProvider
Unable to read VR Path Registry from C:\Users\ShivamGupta\AppData\Local\openvr\openvrpaths.vrpath
Unable to read VR Path Registry from C:\Users\ShivamGupta\AppData\Local\openvr\openvrpaths.vrpath
*** Blocklist::_preloadBlocklistFile: blocklist is disabled
1519723439155	addons.xpi-utils	DEBUG	Starting async load of XPI database C:\Users\ShivamGupta\AppData\Local\Temp\anonymous1575848281141540122webdriver-profile\extensions.json
1519723439227	addons.xpi	INFO	Mapping fxdriver@googlecode.com to C:\Users\ShivamGupta\AppData\Local\Temp\anonymous1575848281141540122webdriver-profile\extensions\fxdriver@googlecode.com
1519723439228	addons.xpi	DEBUG	Ignoring file entry whose name is not a valid add-on ID: C:\Users\ShivamGupta\AppData\Local\Temp\anonymous1575848281141540122webdriver-profile\extensions\webdriver-staging
1519723439228	addons.xpi	DEBUG	Existing add-on fxdriver@googlecode.com in app-profile
1519723439229	addons.xpi	INFO	Mapping activity-stream@mozilla.org to C:\Program Files\Mozilla Firefox\browser\features\activity-stream@mozilla.org.xpi
1519723439229	addons.xpi	INFO	Mapping aushelper@mozilla.org to C:\Program Files\Mozilla Firefox\browser\features\aushelper@mozilla.org.xpi
1519723439229	addons.xpi	INFO	Mapping firefox@getpocket.com to C:\Program Files\Mozilla Firefox\browser\features\firefox@getpocket.com.xpi
1519723439230	addons.xpi	INFO	Mapping followonsearch@mozilla.com to C:\Program Files\Mozilla Firefox\browser\features\followonsearch@mozilla.com.xpi
1519723439230	addons.xpi	INFO	Mapping formautofill@mozilla.org to C:\Program Files\Mozilla Firefox\browser\features\formautofill@mozilla.org.xpi
1519723439230	addons.xpi	INFO	Mapping onboarding@mozilla.org to C:\Program Files\Mozilla Firefox\browser\features\onboarding@mozilla.org.xpi
1519723439230	addons.xpi	INFO	Mapping screenshots@mozilla.org to C:\Program Files\Mozilla Firefox\browser\features\screenshots@mozilla.org.xpi
1519723439230	addons.xpi	INFO	Mapping shield-recipe-client@mozilla.org to C:\Program Files\Mozilla Firefox\browser\features\shield-recipe-client@mozilla.org.xpi
1519723439230	addons.xpi	INFO	Mapping webcompat@mozilla.org to C:\Program Files\Mozilla Firefox\browser\features\webcompat@mozilla.org.xpi
1519723439231	addons.xpi	DEBUG	Existing add-on activity-stream@mozilla.org in app-system-defaults
1519723439232	addons.xpi	DEBUG	Existing add-on aushelper@mozilla.org in app-system-defaults
1519723439232	addons.xpi	DEBUG	Existing add-on firefox@getpocket.com in app-system-defaults
1519723439233	addons.xpi	DEBUG	Existing add-on followonsearch@mozilla.com in app-system-defaults
1519723439233	addons.xpi	DEBUG	Existing add-on formautofill@mozilla.org in app-system-defaults
1519723439234	addons.xpi	DEBUG	Existing add-on onboarding@mozilla.org in app-system-defaults
1519723439235	addons.xpi	DEBUG	Existing add-on screenshots@mozilla.org in app-system-defaults
1519723439235	addons.xpi	DEBUG	Existing add-on shield-recipe-client@mozilla.org in app-system-defaults
1519723439236	addons.xpi	DEBUG	Existing add-on webcompat@mozilla.org in app-system-defaults
1519723439237	addons.xpi	INFO	Mapping {972ce4c6-7e08-4474-a285-3208198ce6fd} to C:\Program Files\Mozilla Firefox\browser\extensions\{972ce4c6-7e08-4474-a285-3208198ce6fd}.xpi
1519723439237	addons.xpi	DEBUG	Existing add-on {972ce4c6-7e08-4474-a285-3208198ce6fd} in app-global
1519723439237	addons.xpi	DEBUG	getInstallState changed: false, state: {}
1519723439405	addons.xpi-utils	DEBUG	Async JSON file read took 0 MS
1519723439406	addons.xpi-utils	DEBUG	Finished async read of XPI database, parsing...
1519723439411	addons.xpi-utils	DEBUG	Successfully read XPI database
Unable to read VR Path Registry from C:\Users\ShivamGupta\AppData\Local\openvr\openvrpaths.vrpath
Unable to read VR Path Registry from C:\Users\ShivamGupta\AppData\Local\openvr\openvrpaths.vrpath

	at org.openqa.selenium.firefox.internal.NewProfileExtensionConnection.start(NewProfileExtensionConnection.java:118)
	... 37 more

testVerifyTitle_WebDriverDocumentation(packt.selenium.chap3_2.WebDriverDocumentation_04Test)  Time elapsed: 734.52 sec  <<< ERROR!
java.lang.NullPointerException
	at packt.selenium.chap3_2.WebDriverDocumentation_04Test.tearDown(WebDriverDocumentation_04Test.java:28)
	at sun.reflect.NativeMethodAccessorImpl.invoke0(Native Method)
	at sun.reflect.NativeMethodAccessorImpl.invoke(NativeMethodAccessorImpl.java:62)
	at sun.reflect.DelegatingMethodAccessorImpl.invoke(DelegatingMethodAccessorImpl.java:43)
	at java.lang.reflect.Method.invoke(Method.java:498)
	at org.junit.runners.model.FrameworkMethod$1.runReflectiveCall(FrameworkMethod.java:50)
	at org.junit.internal.runners.model.ReflectiveCallable.run(ReflectiveCallable.java:12)
	at org.junit.runners.model.FrameworkMethod.invokeExplosively(FrameworkMethod.java:47)
	at org.junit.internal.runners.statements.RunAfters.evaluate(RunAfters.java:33)
	at org.junit.runners.ParentRunner.runLeaf(ParentRunner.java:325)
	at org.junit.runners.BlockJUnit4ClassRunner.runChild(BlockJUnit4ClassRunner.java:78)
	at org.junit.runners.BlockJUnit4ClassRunner.runChild(BlockJUnit4ClassRunner.java:57)
	at org.junit.runners.ParentRunner$3.run(ParentRunner.java:290)
	at org.junit.runners.ParentRunner$1.schedule(ParentRunner.java:71)
	at org.junit.runners.ParentRunner.runChildren(ParentRunner.java:288)
	at org.junit.runners.ParentRunner.access$000(ParentRunner.java:58)
	at org.junit.runners.ParentRunner$2.evaluate(ParentRunner.java:268)
	at org.junit.runners.ParentRunner.run(ParentRunner.java:363)
	at org.apache.maven.surefire.junit4.JUnit4Provider.execute(JUnit4Provider.java:252)
	at org.apache.maven.surefire.junit4.JUnit4Provider.executeTestSet(JUnit4Provider.java:141)
	at org.apache.maven.surefire.junit4.JUnit4Provider.invoke(JUnit4Provider.java:112)
	at sun.reflect.NativeMethodAccessorImpl.invoke0(Native Method)
	at sun.reflect.NativeMethodAccessorImpl.invoke(NativeMethodAccessorImpl.java:62)
	at sun.reflect.DelegatingMethodAccessorImpl.invoke(DelegatingMethodAccessorImpl.java:43)
	at java.lang.reflect.Method.invoke(Method.java:498)
	at org.apache.maven.surefire.util.ReflectionUtils.invokeMethodWithArray(ReflectionUtils.java:189)
	at org.apache.maven.surefire.booter.ProviderFactory$ProviderProxy.invoke(ProviderFactory.java:165)
	at org.apache.maven.surefire.booter.ProviderFactory.invokeProvider(ProviderFactory.java:85)
	at org.apache.maven.surefire.booter.ForkedBooter.runSuitesInProcess(ForkedBooter.java:115)
	at org.apache.maven.surefire.booter.ForkedBooter.main(ForkedBooter.java:75)

